<?xml version="1.0" encoding="UTF-8"?>
<!-- Generated by org.testng.reporters.JUnitReportReporter -->
<testsuite skipped="0" hostname="BeastPC" name="com.runner.FreeCRMRunner" tests="21" failures="0" timestamp="2022-03-22T11:18:26 IST" time="342.920" errors="0">
  <testcase name="Scenario" time="5.295" classname="com.runner.FreeCRMRunner"/>
  <system-out/>
  <testcase name="Scenario" time="34.356" classname="com.runner.FreeCRMRunner"/>
  <system-out/>
  <testcase name="Scenario" time="19.280" classname="com.runner.FreeCRMRunner"/>
  <system-out/>
  <testcase name="Scenario" time="23.757" classname="com.runner.FreeCRMRunner"/>
  <system-out/>
  <testcase name="Scenario" time="6.459" classname="com.runner.FreeCRMRunner"/>
  <system-out/>
  <testcase name="Scenario" time="19.264" classname="com.runner.FreeCRMRunner"/>
  <system-out/>
  <testcase name="Scenario" time="9.364" classname="com.runner.FreeCRMRunner"/>
  <system-out/>
  <testcase name="Scenario" time="6.241" classname="com.runner.FreeCRMRunner"/>
  <system-out/>
  <testcase name="Scenario" time="10.525" classname="com.runner.FreeCRMRunner"/>
  <system-out/>
  <testcase name="Scenario" time="14.804" classname="com.runner.FreeCRMRunner"/>
  <system-out/>
  <testcase name="Scenario" time="20.246" classname="com.runner.FreeCRMRunner"/>
  <system-out/>
  <testcase name="Scenario" time="19.924" classname="com.runner.FreeCRMRunner"/>
  <system-out/>
  <testcase name="Scenario" time="8.195" classname="com.runner.FreeCRMRunner"/>
  <system-out/>
  <testcase name="Scenario" time="17.684" classname="com.runner.FreeCRMRunner"/>
  <system-out/>
  <testcase name="Scenario" time="14.467" classname="com.runner.FreeCRMRunner"/>
  <system-out/>
  <testcase name="Scenario" time="3.235" classname="com.runner.FreeCRMRunner"/>
  <system-out/>
  <testcase name="Scenario" time="32.763" classname="com.runner.FreeCRMRunner"/>
  <system-out/>
  <testcase name="Scenario" time="21.088" classname="com.runner.FreeCRMRunner"/>
  <system-out/>
  <testcase name="Scenario" time="15.552" classname="com.runner.FreeCRMRunner"/>
  <system-out/>
  <testcase name="Scenario" time="20.379" classname="com.runner.FreeCRMRunner"/>
  <system-out/>
  <testcase name="Scenario" time="20.042" classname="com.runner.FreeCRMRunner"/>
  <system-out/>
</testsuite> <!-- com.runner.FreeCRMRunner -->
